2016-03-16 18:59:47.724 [info] <0.7.0> Application lager started on node nonode@nohost
2016-03-16 18:59:47.725 [info] <0.7.0> Application crypto started on node nonode@nohost
2016-03-16 18:59:47.725 [info] <0.7.0> Application asn1 started on node nonode@nohost
2016-03-16 18:59:47.725 [info] <0.7.0> Application public_key started on node nonode@nohost
2016-03-16 18:59:47.736 [info] <0.7.0> Application ssl started on node nonode@nohost
2016-03-16 18:59:47.740 [info] <0.7.0> Application ranch started on node nonode@nohost
2016-03-16 18:59:47.741 [info] <0.7.0> Application cowlib started on node nonode@nohost
2016-03-16 18:59:47.745 [info] <0.7.0> Application cowboy started on node nonode@nohost
2016-03-16 18:59:54.538 [info] <0.7.0> Application lager started on node nonode@nohost
2016-03-16 18:59:54.539 [info] <0.7.0> Application crypto started on node nonode@nohost
2016-03-16 18:59:54.539 [info] <0.7.0> Application asn1 started on node nonode@nohost
2016-03-16 18:59:54.539 [info] <0.7.0> Application public_key started on node nonode@nohost
2016-03-16 18:59:54.549 [info] <0.7.0> Application ssl started on node nonode@nohost
2016-03-16 18:59:54.553 [info] <0.7.0> Application ranch started on node nonode@nohost
2016-03-16 18:59:54.554 [info] <0.7.0> Application cowlib started on node nonode@nohost
2016-03-16 18:59:54.558 [info] <0.7.0> Application cowboy started on node nonode@nohost
2016-03-16 19:02:38.901 [info] <0.7.0> Application lager started on node nonode@nohost
2016-03-16 19:02:38.902 [info] <0.7.0> Application crypto started on node nonode@nohost
2016-03-16 19:02:38.903 [info] <0.7.0> Application asn1 started on node nonode@nohost
2016-03-16 19:02:38.903 [info] <0.7.0> Application public_key started on node nonode@nohost
2016-03-16 19:02:38.914 [info] <0.7.0> Application ssl started on node nonode@nohost
2016-03-16 19:02:38.918 [info] <0.7.0> Application ranch started on node nonode@nohost
2016-03-16 19:02:38.918 [info] <0.7.0> Application cowlib started on node nonode@nohost
2016-03-16 19:02:38.923 [info] <0.7.0> Application cowboy started on node nonode@nohost
2016-03-16 19:03:12.312 [info] <0.7.0> Application lager started on node nonode@nohost
2016-03-16 19:03:12.313 [info] <0.7.0> Application crypto started on node nonode@nohost
2016-03-16 19:03:12.314 [info] <0.7.0> Application asn1 started on node nonode@nohost
2016-03-16 19:03:12.314 [info] <0.7.0> Application public_key started on node nonode@nohost
2016-03-16 19:03:12.328 [info] <0.7.0> Application ssl started on node nonode@nohost
2016-03-16 19:03:12.332 [info] <0.7.0> Application ranch started on node nonode@nohost
2016-03-16 19:03:12.333 [info] <0.7.0> Application cowlib started on node nonode@nohost
2016-03-16 19:03:12.338 [info] <0.7.0> Application cowboy started on node nonode@nohost
2016-03-16 19:03:25.024 [info] <0.7.0> Application lager started on node nonode@nohost
2016-03-16 19:03:25.025 [info] <0.7.0> Application crypto started on node nonode@nohost
2016-03-16 19:03:25.025 [info] <0.7.0> Application asn1 started on node nonode@nohost
2016-03-16 19:03:25.026 [info] <0.7.0> Application public_key started on node nonode@nohost
2016-03-16 19:03:25.036 [info] <0.7.0> Application ssl started on node nonode@nohost
2016-03-16 19:03:25.040 [info] <0.7.0> Application ranch started on node nonode@nohost
2016-03-16 19:03:25.040 [info] <0.7.0> Application cowlib started on node nonode@nohost
2016-03-16 19:03:25.044 [info] <0.7.0> Application cowboy started on node nonode@nohost
2016-03-16 19:09:50.766 [info] <0.7.0> Application lager started on node nonode@nohost
2016-03-16 19:09:50.768 [info] <0.7.0> Application crypto started on node nonode@nohost
2016-03-16 19:09:50.768 [info] <0.7.0> Application asn1 started on node nonode@nohost
2016-03-16 19:09:50.768 [info] <0.7.0> Application public_key started on node nonode@nohost
2016-03-16 19:09:50.778 [info] <0.7.0> Application ssl started on node nonode@nohost
2016-03-16 19:09:50.782 [info] <0.7.0> Application ranch started on node nonode@nohost
2016-03-16 19:09:50.782 [info] <0.7.0> Application cowlib started on node nonode@nohost
2016-03-16 19:09:50.787 [info] <0.7.0> Application cowboy started on node nonode@nohost
2016-03-16 19:09:51.232 [info] <0.7.0> Application lager started on node nonode@nohost
2016-03-16 19:09:51.233 [info] <0.7.0> Application crypto started on node nonode@nohost
2016-03-16 19:09:51.233 [info] <0.7.0> Application asn1 started on node nonode@nohost
2016-03-16 19:09:51.233 [info] <0.7.0> Application public_key started on node nonode@nohost
2016-03-16 19:09:51.241 [info] <0.7.0> Application ssl started on node nonode@nohost
2016-03-16 19:09:51.244 [info] <0.7.0> Application ranch started on node nonode@nohost
2016-03-16 19:09:51.244 [info] <0.7.0> Application cowlib started on node nonode@nohost
2016-03-16 19:09:51.248 [info] <0.7.0> Application cowboy started on node nonode@nohost
2016-03-16 19:09:57.245 [info] <0.7.0> Application lager started on node nonode@nohost
2016-03-16 19:09:57.247 [info] <0.7.0> Application crypto started on node nonode@nohost
2016-03-16 19:09:57.247 [info] <0.7.0> Application asn1 started on node nonode@nohost
2016-03-16 19:09:57.247 [info] <0.7.0> Application public_key started on node nonode@nohost
2016-03-16 19:09:57.257 [info] <0.7.0> Application ssl started on node nonode@nohost
2016-03-16 19:09:57.261 [info] <0.7.0> Application ranch started on node nonode@nohost
2016-03-16 19:09:57.262 [info] <0.7.0> Application cowlib started on node nonode@nohost
2016-03-16 19:09:57.266 [info] <0.7.0> Application cowboy started on node nonode@nohost
2016-03-16 19:16:36.303 [info] <0.7.0> Application lager started on node nonode@nohost
2016-03-16 19:16:36.304 [info] <0.7.0> Application crypto started on node nonode@nohost
2016-03-16 19:16:36.305 [info] <0.7.0> Application asn1 started on node nonode@nohost
2016-03-16 19:16:36.305 [info] <0.7.0> Application public_key started on node nonode@nohost
2016-03-16 19:16:36.315 [info] <0.7.0> Application ssl started on node nonode@nohost
2016-03-16 19:16:36.320 [info] <0.7.0> Application ranch started on node nonode@nohost
2016-03-16 19:16:36.320 [info] <0.7.0> Application cowlib started on node nonode@nohost
2016-03-16 19:16:36.324 [info] <0.7.0> Application cowboy started on node nonode@nohost
2016-03-16 19:26:16.717 [info] <0.7.0> Application lager started on node nonode@nohost
2016-03-16 19:26:16.718 [info] <0.7.0> Application crypto started on node nonode@nohost
2016-03-16 19:26:16.718 [info] <0.7.0> Application asn1 started on node nonode@nohost
2016-03-16 19:26:16.719 [info] <0.7.0> Application public_key started on node nonode@nohost
2016-03-16 19:26:16.729 [info] <0.7.0> Application ssl started on node nonode@nohost
2016-03-16 19:26:16.734 [info] <0.7.0> Application ranch started on node nonode@nohost
2016-03-16 19:26:16.734 [info] <0.7.0> Application cowlib started on node nonode@nohost
2016-03-16 19:26:16.738 [info] <0.7.0> Application cowboy started on node nonode@nohost
2016-03-16 19:28:54.918 [info] <0.7.0> Application lager started on node nonode@nohost
2016-03-16 19:28:54.919 [info] <0.7.0> Application crypto started on node nonode@nohost
2016-03-16 19:28:54.920 [info] <0.7.0> Application asn1 started on node nonode@nohost
2016-03-16 19:28:54.920 [info] <0.7.0> Application public_key started on node nonode@nohost
2016-03-16 19:28:54.930 [info] <0.7.0> Application ssl started on node nonode@nohost
2016-03-16 19:28:54.935 [info] <0.7.0> Application ranch started on node nonode@nohost
2016-03-16 19:28:54.935 [info] <0.7.0> Application cowlib started on node nonode@nohost
2016-03-16 19:28:54.939 [info] <0.7.0> Application cowboy started on node nonode@nohost
